
alias_calculus: system execution failed.
Following is the set of recorded exceptions:

-------------------------------------------------------------------------------
Class / Object      Routine                Nature of exception           Effect
-------------------------------------------------------------------------------
ALIASES_SORTED      _invariant             empty_constraint:            
<00000000025CC3E8>  (From ACTIVE)          Class invariant violated.     Fail
-------------------------------------------------------------------------------
ALIASES_SORTED      _invariant                                          
<00000000025CC3E8>  (From ACTIVE)          Routine failure.              Fail
-------------------------------------------------------------------------------
ALIAS_RELATION      sorted_representation @2
<00000000025CC0C8>                         Routine failure.              Fail
-------------------------------------------------------------------------------
ALIAS_RELATION      printout @2                                         
<00000000025C1BF8>                         Routine failure.              Fail
-------------------------------------------------------------------------------
SIMPLE_ASSIGNMENT   update @9                                           
<00000000025C3488>                         Routine failure.              Fail
-------------------------------------------------------------------------------
COMPOUND            update @6                                           
<00000000025C3298>                         Routine failure.              Fail
-------------------------------------------------------------------------------
PROCEDURE1          update @1                                           
<00000000025C2EF8>                         Routine failure.              Fail
-------------------------------------------------------------------------------
PROGRAM             update @3                                           
<00000000025C2B98>                         Routine failure.              Fail
-------------------------------------------------------------------------------
APPLICATION         compute_aliases @3                                  
<00000000025C0538>                         Routine failure.              Fail
-------------------------------------------------------------------------------
APPLICATION         execute_example @14                                 
<00000000025C0538>                         Routine failure.              Fail
-------------------------------------------------------------------------------
APPLICATION         make @6                                             
<00000000025C0538>                         Routine failure.              Fail
-------------------------------------------------------------------------------
APPLICATION         root's creation                                     
<00000000025C0538>                         Routine failure.              Exit
-------------------------------------------------------------------------------

alias_calculus: system execution failed.
Following is the set of recorded exceptions:

-------------------------------------------------------------------------------
Class / Object      Routine                Nature of exception           Effect
-------------------------------------------------------------------------------
MULTIDOT            tail @1                at_least_two:                
<000000000270AD08>                         Precondition violated.        Fail
-------------------------------------------------------------------------------
MULTIDOT            prepended @7                                        
<000000000270AD08>                         Routine failure.              Fail
-------------------------------------------------------------------------------
ALIAS_RELATION      prepended @12                                       
<00000000026F1D58>                         Routine failure.              Fail
-------------------------------------------------------------------------------
CALL_QUALIFIED      update @5                                           
<00000000026F48C8>                         Routine failure.              Fail
-------------------------------------------------------------------------------
COMPOUND            update @6                                           
<00000000026F3DB8>                         Routine failure.              Fail
-------------------------------------------------------------------------------
ALIAS_RELATION      update @4                                           
<00000000026F1D58>                         Routine failure.              Fail
-------------------------------------------------------------------------------
CALL_UNQUALIFIED    update @15                                          
<00000000026F3628>                         Routine failure.              Fail
-------------------------------------------------------------------------------
COMPOUND            update @6                                           
<00000000026F34D8>                         Routine failure.              Fail
-------------------------------------------------------------------------------
PROCEDURE1          update @1                                           
<00000000026F3138>                         Routine failure.              Fail
-------------------------------------------------------------------------------
PROGRAM             update @3                                           
<00000000026F2DD8>                         Routine failure.              Fail
-------------------------------------------------------------------------------
APPLICATION         compute_aliases @3                                  
<00000000026F0538>                         Routine failure.              Fail
-------------------------------------------------------------------------------
APPLICATION         execute_example @14                                 
<00000000026F0538>                         Routine failure.              Fail
-------------------------------------------------------------------------------
APPLICATION         make @6                                             
<00000000026F0538>                         Routine failure.              Fail
-------------------------------------------------------------------------------
APPLICATION         root's creation                                     
<00000000026F0538>                         Routine failure.              Exit
-------------------------------------------------------------------------------

alias_calculus: system execution failed.
Following is the set of recorded exceptions:

-------------------------------------------------------------------------------
Class / Object      Routine                Nature of exception           Effect
-------------------------------------------------------------------------------
ALIASES_SORTED      go_to @1               cursor_position_valid:       
<0000000002589878>  (From LINKED_LIST)     Precondition violated.        Fail
-------------------------------------------------------------------------------
ALIASES_SORTED      is_equal @15                                        
<0000000002589878>                         Routine failure.              Fail
-------------------------------------------------------------------------------
ALIAS_RELATION      is_equal @4                                         
<0000000002581D58>                         Routine failure.              Fail
-------------------------------------------------------------------------------
LOOP1               update @12                                          
<0000000002583908>                         Routine failure.              Fail
-------------------------------------------------------------------------------
COMPOUND            update @6                                           
<00000000025838D8>                         Routine failure.              Fail
-------------------------------------------------------------------------------
ALIAS_RELATION      update @4                                           
<0000000002581D58>                         Routine failure.              Fail
-------------------------------------------------------------------------------
CALL_UNQUALIFIED    update @15                                          
<00000000025831C8>                         Routine failure.              Fail
-------------------------------------------------------------------------------
COMPOUND            update @6                                           
<0000000002583138>                         Routine failure.              Fail
-------------------------------------------------------------------------------
PROCEDURE1          update @1                                           
<0000000002582D98>                         Routine failure.              Fail
-------------------------------------------------------------------------------
PROGRAM             update @3                                           
<0000000002582A38>                         Routine failure.              Fail
-------------------------------------------------------------------------------
APPLICATION         compute_aliases @3                                  
<0000000002580538>                         Routine failure.              Fail
-------------------------------------------------------------------------------
APPLICATION         execute_example @14                                 
<0000000002580538>                         Routine failure.              Fail
-------------------------------------------------------------------------------
APPLICATION         make @6                                             
<0000000002580538>                         Routine failure.              Fail
-------------------------------------------------------------------------------
APPLICATION         root's creation                                     
<0000000002580538>                         Routine failure.              Exit
-------------------------------------------------------------------------------

alias_calculus: PANIC: Unexpected harmful signal (Segmentation violation) ...

alias_calculus: system execution failed.
Following is the set of recorded exceptions.
NB: The raised panic may have induced completely inconsistent information:

-------------------------------------------------------------------------------
Class / Object      Routine                Nature of exception           Effect
-------------------------------------------------------------------------------
MULTIDOT            hash_code              Unhandled exception:         
<000000000386B858>  (From EXPRESSION)      External event.               Fail
-------------------------------------------------------------------------------
MULTIDOT            hash_code                                           
<000000000386B858>  (From EXPRESSION)      Routine failure.              Fail
-------------------------------------------------------------------------------
HASH_TABLE          internal_search @11                                 
<000000000374BDA4>                         Routine failure.              Fail
-------------------------------------------------------------------------------
HASH_TABLE          force @2                                            
<000000000374BDA4>                         Routine failure.              Fail
-------------------------------------------------------------------------------
ALIAS_RELATION      put_one_pair @12                                    
<0000000003749C20>                         Routine failure.              Fail
-------------------------------------------------------------------------------
ALIAS_RELATION      put @8                                              
<0000000003749C20>                         Routine failure.              Fail
-------------------------------------------------------------------------------
ALIAS_RELATION      add @10                                             
<0000000003749C20>                         Routine failure.              Fail
-------------------------------------------------------------------------------
LOOP1               all_powers @6                                       
<00000000042B5B1C>                         Routine failure.              Fail
-------------------------------------------------------------------------------
LOOP1               update @14                                          
<00000000042B5B1C>                         Routine failure.              Fail
-------------------------------------------------------------------------------
COMPOUND            update @6                                           
<00000000042B6860>                         Routine failure.              Fail
-------------------------------------------------------------------------------
ALIAS_RELATION      update @4                                           
<00000000036B2D98>                         Routine failure.              Fail
-------------------------------------------------------------------------------
CALL_UNQUALIFIED    update @18                                          
<00000000036AFEC4>                         Routine failure.              Fail
-------------------------------------------------------------------------------
ALIAS_RELATION      update @4                                           
<00000000036B2D98>                         Routine failure.              Fail
-------------------------------------------------------------------------------
CALL_QUALIFIED      update @19                                          
<00000000042B6218>                         Routine failure.              Fail
-------------------------------------------------------------------------------
COMPOUND            update @6                                           
<00000000042B61AC>                         Routine failure.              Fail
-------------------------------------------------------------------------------
ITER                iterate_silent @3                                   
<00000000036AD2E4>  (From REPETITION)      Routine failure.              Fail
-------------------------------------------------------------------------------
ITER                update @5                                           
<00000000036AD2E4>                         Routine failure.              Fail
-------------------------------------------------------------------------------
ALIAS_RELATION      update @4                                           
<00000000036AD2FC>                         Routine failure.              Fail
-------------------------------------------------------------------------------
LOOP1               power @6                                            
<00000000042B6194>                         Routine failure.              Fail
-------------------------------------------------------------------------------
LOOP1               update @13                                          
<00000000042B6194>                         Routine failure.              Fail
-------------------------------------------------------------------------------
COMPOUND            update @6                                           
<00000000042B77E4>                         Routine failure.              Fail
-------------------------------------------------------------------------------
ALIAS_RELATION      update @4                                           
<00000000042B8054>                         Routine failure.              Fail
-------------------------------------------------------------------------------
CALL_UNQUALIFIED    update @18                                          
<00000000042B6B24>                         Routine failure.              Fail
-------------------------------------------------------------------------------
COMPOUND            update @6                                           
<00000000042B6B00>                         Routine failure.              Fail
-------------------------------------------------------------------------------
PROCEDURE1          update @1                                           
<00000000042B6ADC>                         Routine failure.              Fail
-------------------------------------------------------------------------------
PROGRAM             update @3                                           
<00000000042B6920>                         Routine failure.              Fail
-------------------------------------------------------------------------------
APPLICATION         compute_aliases @3                                  
<00000000042A10BC>                         Routine failure.              Fail
-------------------------------------------------------------------------------
APPLICATION         execute_example @14                                 
<00000000042A10BC>                         Routine failure.              Fail
-------------------------------------------------------------------------------
APPLICATION         make @6                                             
<00000000042A10BC>                         Routine failure.              Fail
-------------------------------------------------------------------------------
APPLICATION         root's creation                                     
<00000000042A10BC>                         Routine failure.              Exit
-------------------------------------------------------------------------------
APPLICATION         root's creation @65642908
                                           Unexpected harmful signal (Segmentation violation):
<00000000042A10BC>                         Eiffel run-time panic.        Bye
-------------------------------------------------------------------------------

alias_calculus: PANIC: main entry point vanished ...

alias_calculus: system execution failed.
Following is the set of recorded exceptions.
NB: The raised panic may have induced completely inconsistent information:

-------------------------------------------------------------------------------
Class / Object      Routine                Nature of exception           Effect
-------------------------------------------------------------------------------
APPLICATION         root's creation        Ctrl-Break:                  
<00000000016D1AF4>                         Operating system signal.      Exit
-------------------------------------------------------------------------------
APPLICATION         root's creation                                     
<00000000016D1AF4>                         Routine failure.              Exit
-------------------------------------------------------------------------------
APPLICATION         root's creation        Unhandled exception:         
<00000000016D1AF4>                         External event.               Exit
-------------------------------------------------------------------------------
APPLICATION         root's creation @19701056
                                           main entry point vanished:
<00000000016D1AF4>                         Eiffel run-time panic.        Bye
-------------------------------------------------------------------------------

alias_calculus: PANIC: main entry point vanished ...

alias_calculus: system execution failed.
Following is the set of recorded exceptions.
NB: The raised panic may have induced completely inconsistent information:

-------------------------------------------------------------------------------
Class / Object      Routine                Nature of exception           Effect
-------------------------------------------------------------------------------
APPLICATION         root's creation        Ctrl-Break:                  
<00000000015F1AF4>                         Operating system signal.      Exit
-------------------------------------------------------------------------------
APPLICATION         root's creation                                     
<00000000015F1AF4>                         Routine failure.              Exit
-------------------------------------------------------------------------------
APPLICATION         root's creation        Unhandled exception:         
<00000000015F1AF4>                         External event.               Exit
-------------------------------------------------------------------------------
APPLICATION         root's creation @18783552
                                           main entry point vanished:
<00000000015F1AF4>                         Eiffel run-time panic.        Bye
-------------------------------------------------------------------------------
